# JRE version: Java(TM) SE Runtime Environment (8.0_172-b11) (build 1.8.0_172-b11)
# Java VM: Java HotSpot(TM) 64-Bit Server VM (25.172-b11 mixed mode linux-amd64 compressed oops)
Heap:
 par new generation   total 38080K, used 17671K [0x0000000664600000, 0x0000000666f50000, 0x00000006792c0000)
  eden space 33856K,  39% used [0x0000000664600000, 0x0000000665321fe0, 0x0000000666710000)
  from space 4224K,  99% used [0x0000000666b30000, 0x0000000666f4fff8, 0x0000000666f50000)
  to   space 4224K,   0% used [0x0000000666710000, 0x0000000666710000, 0x0000000666b30000)
 concurrent mark-sweep generation total 84672K, used 56451K [0x00000006792c0000, 0x000000067e570000, 0x00000007c0000000)
 Metaspace       used 19705K, capacity 19930K, committed 20224K, reserved 1064960K
  class space    used 3664K, capacity 3749K, committed 3840K, reserved 1048576K
GC Heap History (10 events):
Event: 10.394 GC heap before
{Heap before GC invocations=6 (full 1):
 par new generation   total 38080K, used 38080K [0x0000000664600000, 0x0000000666f50000, 0x00000006792c0000)
  eden space 33856K, 100% used [0x0000000664600000, 0x0000000666710000, 0x0000000666710000)
  from space 4224K, 100% used [0x0000000666710000, 0x0000000666b30000, 0x0000000666b30000)
  to   space 4224K,   0% used [0x0000000666b30000, 0x0000000666b30000, 0x0000000666f50000)
 concurrent mark-sweep generation total 84672K, used 36065K [0x00000006792c0000, 0x000000067e570000, 0x00000007c0000000)
 Metaspace       used 7849K, capacity 8022K, committed 8320K, reserved 1056768K
  class space    used 753K, capacity 825K, committed 896K, reserved 1048576K
Event: 10.533 GC heap after
Heap after GC invocations=7 (full 1):
 par new generation   total 38080K, used 4224K [0x0000000664600000, 0x0000000666f50000, 0x00000006792c0000)
  eden space 33856K,   0% used [0x0000000664600000, 0x0000000664600000, 0x0000000666710000)
  from space 4224K, 100% used [0x0000000666b30000, 0x0000000666f50000, 0x0000000666f50000)
  to   space 4224K,   0% used [0x0000000666710000, 0x0000000666710000, 0x0000000666b30000)
 concurrent mark-sweep generation total 84672K, used 50078K [0x00000006792c0000, 0x000000067e570000, 0x00000007c0000000)
 Metaspace       used 7849K, capacity 8022K, committed 8320K, reserved 1056768K
  class space    used 753K, capacity 825K, committed 896K, reserved 1048576K
}
Event: 11.309 GC heap before
{Heap before GC invocations=7 (full 2):
 par new generation   total 38080K, used 38080K [0x0000000664600000, 0x0000000666f50000, 0x00000006792c0000)
  eden space 33856K, 100% used [0x0000000664600000, 0x0000000666710000, 0x0000000666710000)
  from space 4224K, 100% used [0x0000000666b30000, 0x0000000666f50000, 0x0000000666f50000)
  to   space 4224K,   0% used [0x0000000666710000, 0x0000000666710000, 0x0000000666b30000)
 concurrent mark-sweep generation total 84672K, used 50078K [0x00000006792c0000, 0x000000067e570000, 0x00000007c0000000)
 Metaspace       used 7852K, capacity 8022K, committed 8320K, reserved 1056768K
  class space    used 753K, capacity 825K, committed 896K, reserved 1048576K
Event: 11.517 GC heap after
Heap after GC invocations=8 (full 2):
 par new generation   total 38080K, used 4224K [0x0000000664600000, 0x0000000666f50000, 0x00000006792c0000)
  eden space 33856K,   0% used [0x0000000664600000, 0x0000000664600000, 0x0000000666710000)
  from space 4224K, 100% used [0x0000000666710000, 0x0000000666b30000, 0x0000000666b30000)
  to   space 4224K,   0% used [0x0000000666b30000, 0x0000000666b30000, 0x0000000666f50000)
 concurrent mark-sweep generation total 84672K, used 64876K [0x00000006792c0000, 0x000000067e570000, 0x00000007c0000000)
 Metaspace       used 7852K, capacity 8022K, committed 8320K, reserved 1056768K
  class space    used 753K, capacity 825K, committed 896K, reserved 1048576K
}
Event: 12.125 GC heap before
{Heap before GC invocations=8 (full 2):
 par new generation   total 38080K, used 38080K [0x0000000664600000, 0x0000000666f50000, 0x00000006792c0000)
  eden space 33856K, 100% used [0x0000000664600000, 0x0000000666710000, 0x0000000666710000)
  from space 4224K, 100% used [0x0000000666710000, 0x0000000666b30000, 0x0000000666b30000)
  to   space 4224K,   0% used [0x0000000666b30000, 0x0000000666b30000, 0x0000000666f50000)
 concurrent mark-sweep generation total 84672K, used 64876K [0x00000006792c0000, 0x000000067e570000, 0x00000007c0000000)
 Metaspace       used 7852K, capacity 8022K, committed 8320K, reserved 1056768K
  class space    used 753K, capacity 825K, committed 896K, reserved 1048576K
Event: 12.189 GC heap after
Heap after GC invocations=9 (full 2):
 par new generation   total 38080K, used 4224K [0x0000000664600000, 0x0000000666f50000, 0x00000006792c0000)
  eden space 33856K,   0% used [0x0000000664600000, 0x0000000664600000, 0x0000000666710000)
  from space 4224K, 100% used [0x0000000666b30000, 0x0000000666f50000, 0x0000000666f50000)
  to   space 4224K,   0% used [0x0000000666710000, 0x0000000666710000, 0x0000000666b30000)
 concurrent mark-sweep generation total 84672K, used 71233K [0x00000006792c0000, 0x000000067e570000, 0x00000007c0000000)
 Metaspace       used 7852K, capacity 8022K, committed 8320K, reserved 1056768K
  class space    used 753K, capacity 825K, committed 896K, reserved 1048576K
}
Event: 14.808 GC heap before
{Heap before GC invocations=9 (full 2):
 par new generation   total 38080K, used 38080K [0x0000000664600000, 0x0000000666f50000, 0x00000006792c0000)
  eden space 33856K, 100% used [0x0000000664600000, 0x0000000666710000, 0x0000000666710000)
  from space 4224K, 100% used [0x0000000666b30000, 0x0000000666f50000, 0x0000000666f50000)
  to   space 4224K,   0% used [0x0000000666710000, 0x0000000666710000, 0x0000000666b30000)
 concurrent mark-sweep generation total 84672K, used 48862K [0x00000006792c0000, 0x000000067e570000, 0x00000007c0000000)
 Metaspace       used 13336K, capacity 13562K, committed 13824K, reserved 1060864K
  class space    used 1633K, capacity 1715K, committed 1792K, reserved 1048576K
Event: 14.853 GC heap after
Heap after GC invocations=10 (full 2):
 par new generation   total 38080K, used 4224K [0x0000000664600000, 0x0000000666f50000, 0x00000006792c0000)
  eden space 33856K,   0% used [0x0000000664600000, 0x0000000664600000, 0x0000000666710000)
  from space 4224K, 100% used [0x0000000666710000, 0x0000000666b30000, 0x0000000666b30000)
  to   space 4224K,   0% used [0x0000000666b30000, 0x0000000666b30000, 0x0000000666f50000)
 concurrent mark-sweep generation total 84672K, used 54728K [0x00000006792c0000, 0x000000067e570000, 0x00000007c0000000)
 Metaspace       used 13336K, capacity 13562K, committed 13824K, reserved 1060864K
  class space    used 1633K, capacity 1715K, committed 1792K, reserved 1048576K
}
Event: 17.431 GC heap before
{Heap before GC invocations=10 (full 3):
 par new generation   total 38080K, used 38080K [0x0000000664600000, 0x0000000666f50000, 0x00000006792c0000)
  eden space 33856K, 100% used [0x0000000664600000, 0x0000000666710000, 0x0000000666710000)
  from space 4224K, 100% used [0x0000000666710000, 0x0000000666b30000, 0x0000000666b30000)
  to   space 4224K,   0% used [0x0000000666b30000, 0x0000000666b30000, 0x0000000666f50000)
 concurrent mark-sweep generation total 84672K, used 54728K [0x00000006792c0000, 0x000000067e570000, 0x00000007c0000000)
 Metaspace       used 18024K, capacity 18234K, committed 18560K, reserved 1064960K
  class space    used 3235K, capacity 3333K, committed 3456K, reserved 1048576K
Event: 17.448 GC heap after
Heap after GC invocations=11 (full 3):
 par new generation   total 38080K, used 4223K [0x0000000664600000, 0x0000000666f50000, 0x00000006792c0000)
  eden space 33856K,   0% used [0x0000000664600000, 0x0000000664600000, 0x0000000666710000)
  from space 4224K,  99% used [0x0000000666b30000, 0x0000000666f4fff8, 0x0000000666f50000)
  to   space 4224K,   0% used [0x0000000666710000, 0x0000000666710000, 0x0000000666b30000)
 concurrent mark-sweep generation total 84672K, used 56451K [0x00000006792c0000, 0x000000067e570000, 0x00000007c0000000)
 Metaspace       used 18024K, capacity 18234K, committed 18560K, reserved 1064960K
  class space    used 3235K, capacity 3333K, committed 3456K, reserved 1048576K
}

